<?xml version="1.0" encoding="UTF-8"?>
<!-- Generated by org.testng.reporters.JUnitXMLReporter -->
<testsuite hostname="JyotiLP" ignored="0" name="VerifyLogin Test" tests="1" failures="1" timestamp="2021-06-30T18:41:24 IST" time="17.492" errors="0">
  <testcase name="checkValidLogin" time="15.946" classname="src.test.java.com.amazon.testcases.VerifyLogin">
    <failure type="java.lang.AssertionError" message="The following asserts failed:
	Text do not match,
	expected [Text] but found [Text1]">
      <![CDATA[java.lang.AssertionError: The following asserts failed:
Text do not match,
expected [Text] but found [Text1]
at src.test.java.com.amazon.testcases.VerifyLogin.checkValidLogin(VerifyLogin.java:48)
at java.util.ArrayList.forEach(ArrayList.java:1257)
... Removed 29 stack frames]]>
    </failure>
  </testcase> <!-- checkValidLogin -->
</testsuite> <!-- VerifyLogin Test -->
