<?xml version="1.0" encoding="UTF-8"?>
<testng-results skipped="0" failed="1" ignored="0" total="2" passed="1">
  <reporter-output>
  </reporter-output>
  <suite name="Amazon Suite" duration-ms="35970" started-at="2021-06-30T18:41:07 IST" finished-at="2021-06-30T18:41:43 IST">
    <groups>
    </groups>
    <test name="VerifyLogin Test" duration-ms="17492" started-at="2021-06-30T18:41:07 IST" finished-at="2021-06-30T18:41:24 IST">
      <class name="src.test.java.com.amazon.testcases.VerifyLogin">
        <test-method status="PASS" signature="inIt(org.testng.ITestResult)[pri:0, instance:src.test.java.com.amazon.testcases.VerifyLogin@34c4973]" name="inIt" is-config="true" duration-ms="183" started-at="2021-06-30T18:41:07 IST" finished-at="2021-06-30T18:41:07 IST">
          <params>
            <param index="0">
              <value>
                <![CDATA[[TestResult name={null} status=CREATED method=VerifyLogin.checkValidLogin()[pri:0, instance:src.test.java.com.amazon.testcases.VerifyLogin@34c4973] output={null}]]]>
              </value>
            </param>
          </params>
          <reporter-output>
          </reporter-output>
        </test-method> <!-- inIt -->
        <test-method status="FAIL" signature="checkValidLogin()[pri:0, instance:src.test.java.com.amazon.testcases.VerifyLogin@34c4973]" name="checkValidLogin" duration-ms="15946" started-at="2021-06-30T18:41:07 IST" finished-at="2021-06-30T18:41:23 IST">
          <exception class="java.lang.AssertionError">
            <message>
              <![CDATA[The following asserts failed:
Text do not match,
expected [Text] but found [Text1]]]>
            </message>
            <full-stacktrace>
              <![CDATA[java.lang.AssertionError: The following asserts failed:
Text do not match,
expected [Text] but found [Text1]
at org.testng.asserts.SoftAssert.assertAll(SoftAssert.java:47)
at org.testng.asserts.SoftAssert.assertAll(SoftAssert.java:31)
at src.test.java.com.amazon.testcases.VerifyLogin.checkValidLogin(VerifyLogin.java:48)
at sun.reflect.NativeMethodAccessorImpl.invoke0(Native Method)
at sun.reflect.NativeMethodAccessorImpl.invoke(NativeMethodAccessorImpl.java:62)
at sun.reflect.DelegatingMethodAccessorImpl.invoke(DelegatingMethodAccessorImpl.java:43)
at java.lang.reflect.Method.invoke(Method.java:498)
at org.testng.internal.MethodInvocationHelper.invokeMethod(MethodInvocationHelper.java:133)
at org.testng.internal.TestInvoker.invokeMethod(TestInvoker.java:584)
at org.testng.internal.TestInvoker.invokeTestMethod(TestInvoker.java:172)
at org.testng.internal.MethodRunner.runInSequence(MethodRunner.java:46)
at org.testng.internal.TestInvoker$MethodInvocationAgent.invoke(TestInvoker.java:804)
at org.testng.internal.TestInvoker.invokeTestMethods(TestInvoker.java:145)
at org.testng.internal.TestMethodWorker.invokeTestMethods(TestMethodWorker.java:146)
at org.testng.internal.TestMethodWorker.run(TestMethodWorker.java:128)
at java.util.ArrayList.forEach(ArrayList.java:1257)
at org.testng.TestRunner.privateRun(TestRunner.java:770)
at org.testng.TestRunner.run(TestRunner.java:591)
at org.testng.SuiteRunner.runTest(SuiteRunner.java:402)
at org.testng.SuiteRunner.runSequentially(SuiteRunner.java:396)
at org.testng.SuiteRunner.privateRun(SuiteRunner.java:355)
at org.testng.SuiteRunner.run(SuiteRunner.java:304)
at org.testng.SuiteRunnerWorker.runSuite(SuiteRunnerWorker.java:53)
at org.testng.SuiteRunnerWorker.run(SuiteRunnerWorker.java:96)
at org.testng.TestNG.runSuitesSequentially(TestNG.java:1180)
at org.testng.TestNG.runSuitesLocally(TestNG.java:1102)
at org.testng.TestNG.runSuites(TestNG.java:1032)
at org.testng.TestNG.run(TestNG.java:1000)
at org.testng.remote.AbstractRemoteTestNG.run(AbstractRemoteTestNG.java:115)
at org.testng.remote.RemoteTestNG.initAndRun(RemoteTestNG.java:251)
at org.testng.remote.RemoteTestNG.main(RemoteTestNG.java:77)
]]>
            </full-stacktrace>
          </exception> <!-- java.lang.AssertionError -->
          <reporter-output>
          </reporter-output>
        </test-method> <!-- checkValidLogin -->
        <test-method status="PASS" signature="quite()[pri:0, instance:src.test.java.com.amazon.testcases.VerifyLogin@34c4973]" name="quite" is-config="true" duration-ms="1302" started-at="2021-06-30T18:41:23 IST" finished-at="2021-06-30T18:41:24 IST">
          <reporter-output>
          </reporter-output>
        </test-method> <!-- quite -->
      </class> <!-- src.test.java.com.amazon.testcases.VerifyLogin -->
    </test> <!-- VerifyLogin Test -->
    <test name="VerifySearchBox Test" duration-ms="18420" started-at="2021-06-30T18:41:24 IST" finished-at="2021-06-30T18:41:43 IST">
      <class name="src.test.java.com.amazon.testcases.VerifySearchBox">
        <test-method status="PASS" signature="inIt(org.testng.ITestResult)[pri:0, instance:src.test.java.com.amazon.testcases.VerifySearchBox@9a7504c]" name="inIt" is-config="true" duration-ms="1" started-at="2021-06-30T18:41:24 IST" finished-at="2021-06-30T18:41:24 IST">
          <params>
            <param index="0">
              <value>
                <![CDATA[[TestResult name={null} status=CREATED method=VerifySearchBox.checkSearchBoxField()[pri:0, instance:src.test.java.com.amazon.testcases.VerifySearchBox@9a7504c] output={null}]]]>
              </value>
            </param>
          </params>
          <reporter-output>
          </reporter-output>
        </test-method> <!-- inIt -->
        <test-method status="PASS" signature="checkSearchBoxField()[pri:0, instance:src.test.java.com.amazon.testcases.VerifySearchBox@9a7504c]" name="checkSearchBoxField" duration-ms="17641" started-at="2021-06-30T18:41:24 IST" finished-at="2021-06-30T18:41:42 IST">
          <reporter-output>
          </reporter-output>
        </test-method> <!-- checkSearchBoxField -->
        <test-method status="PASS" signature="quite()[pri:0, instance:src.test.java.com.amazon.testcases.VerifySearchBox@9a7504c]" name="quite" is-config="true" duration-ms="773" started-at="2021-06-30T18:41:42 IST" finished-at="2021-06-30T18:41:43 IST">
          <reporter-output>
          </reporter-output>
        </test-method> <!-- quite -->
      </class> <!-- src.test.java.com.amazon.testcases.VerifySearchBox -->
    </test> <!-- VerifySearchBox Test -->
  </suite> <!-- Amazon Suite -->
</testng-results>
