<?xml version="1.0" encoding="UTF-8"?>
<!-- Generated by org.testng.reporters.JUnitXMLReporter -->
<testsuite hostname="JyotiLP" ignored="0" name="Default test" tests="1" failures="1" timestamp="2021-04-24T18:04:08 IST" time="4.999" errors="0">
  <testcase name="verifyPiloNameEmail" time="3.532" classname="com.pilot.testcases.VerifyPilotNameEmail">
    <failure type="org.openqa.selenium.SessionNotCreatedException" message="session not created: This version of ChromeDriver only supports Chrome version 88
Current browser version is 90.0.4430.85 with binary path C:\Program Files (x86)\Google\Chrome\Application\chrome.exe
Build info: version: &amp;apos;4.0.0-alpha-6&amp;apos;, revision: &amp;apos;5f43a29cfc&amp;apos;
System info: host: &amp;apos;JYOTILP&amp;apos;, ip: &amp;apos;192.168.29.136&amp;apos;, os.name: &amp;apos;Windows 10&amp;apos;, os.arch: &amp;apos;amd64&amp;apos;, os.version: &amp;apos;10.0&amp;apos;, java.version: &amp;apos;1.8.0_171&amp;apos;
Driver info: driver.version: ChromeDriver
remote stacktrace: Backtrace:
	GetHandleVerifier [0x008DB963+483]
	GetHandleVerifier [0x008DB941+449]
	GetHandleVerifier [0x00C83308+3832712]
	GetHandleVerifier [0x00C9D69A+3940122]
	GetHandleVerifier [0x00C99AFB+3924859]
	GetHandleVerifier [0x00C97D9C+3917340]
	GetHandleVerifier [0x00CBE7FE+4075646]
	GetHandleVerifier [0x00CBE56C+4074988]
	GetHandleVerifier [0x00CBB2EB+4062059]
	GetHandleVerifier [0x00C9ED14+3945876]
	GetHandleVerifier [0x00C9FBCE+3949646]
	GetHandleVerifier [0x00C9FB59+3949529]
	Ordinal0 [0x0089B5CC+46540]
	Ordinal0 [0x00899F53+40787]
	Ordinal0 [0x00899B12+39698]
	GetHandleVerifier [0x00BA1468+2907368]
	GetHandleVerifier [0x009E71EE+1096302]
	GetHandleVerifier [0x009A3E8D+821005]
	GetHandleVerifier [0x009A396B+819691]
	GetHandleVerifier [0x009A3881+819457]
	GetHandleVerifier [0x009CF463+998627]
	BaseThreadInitThunk [0x76F7FA29+25]
	RtlGetAppContainerNamedObjectPath [0x77817A4E+286]
	RtlGetAppContainerNamedObjectPath [0x77817A1E+238]
">
      <![CDATA[org.openqa.selenium.SessionNotCreatedException: session not created: This version of ChromeDriver only supports Chrome version 88
Current browser version is 90.0.4430.85 with binary path C:\Program Files (x86)\Google\Chrome\Application\chrome.exe
Build info: version: '4.0.0-alpha-6', revision: '5f43a29cfc'
System info: host: 'JYOTILP', ip: '192.168.29.136', os.name: 'Windows 10', os.arch: 'amd64', os.version: '10.0', java.version: '1.8.0_171'
Driver info: driver.version: ChromeDriver
remote stacktrace: Backtrace:
GetHandleVerifier [0x008DB963+483]
GetHandleVerifier [0x008DB941+449]
GetHandleVerifier [0x00C83308+3832712]
GetHandleVerifier [0x00C9D69A+3940122]
GetHandleVerifier [0x00C99AFB+3924859]
GetHandleVerifier [0x00C97D9C+3917340]
GetHandleVerifier [0x00CBE7FE+4075646]
GetHandleVerifier [0x00CBE56C+4074988]
GetHandleVerifier [0x00CBB2EB+4062059]
GetHandleVerifier [0x00C9ED14+3945876]
GetHandleVerifier [0x00C9FBCE+3949646]
GetHandleVerifier [0x00C9FB59+3949529]
Ordinal0 [0x0089B5CC+46540]
Ordinal0 [0x00899F53+40787]
Ordinal0 [0x00899B12+39698]
GetHandleVerifier [0x00BA1468+2907368]
GetHandleVerifier [0x009E71EE+1096302]
GetHandleVerifier [0x009A3E8D+821005]
GetHandleVerifier [0x009A396B+819691]
GetHandleVerifier [0x009A3881+819457]
GetHandleVerifier [0x009CF463+998627]
BaseThreadInitThunk [0x76F7FA29+25]
RtlGetAppContainerNamedObjectPath [0x77817A4E+286]
RtlGetAppContainerNamedObjectPath [0x77817A1E+238]

at sun.reflect.NativeConstructorAccessorImpl.newInstance0(Native Method)
at sun.reflect.NativeConstructorAccessorImpl.newInstance(NativeConstructorAccessorImpl.java:62)
at sun.reflect.DelegatingConstructorAccessorImpl.newInstance(DelegatingConstructorAccessorImpl.java:45)
at java.lang.reflect.Constructor.newInstance(Constructor.java:423)
at org.openqa.selenium.remote.W3CHandshakeResponse.lambda$errorHandler$0(W3CHandshakeResponse.java:62)
at org.openqa.selenium.remote.HandshakeResponse.lambda$getResponseFunction$0(HandshakeResponse.java:30)
at org.openqa.selenium.remote.ProtocolHandshake.lambda$createSession$1(ProtocolHandshake.java:126)
at java.util.stream.ReferencePipeline$3$1.accept(ReferencePipeline.java:193)
at java.util.Spliterators$ArraySpliterator.tryAdvance(Spliterators.java:958)
at java.util.stream.ReferencePipeline.forEachWithCancel(ReferencePipeline.java:126)
at java.util.stream.AbstractPipeline.copyIntoWithCancel(AbstractPipeline.java:498)
at java.util.stream.AbstractPipeline.copyInto(AbstractPipeline.java:485)
at java.util.stream.AbstractPipeline.wrapAndCopyInto(AbstractPipeline.java:471)
at java.util.stream.FindOps$FindOp.evaluateSequential(FindOps.java:152)
at java.util.stream.AbstractPipeline.evaluate(AbstractPipeline.java:234)
at java.util.stream.ReferencePipeline.findFirst(ReferencePipeline.java:464)
at org.openqa.selenium.remote.ProtocolHandshake.createSession(ProtocolHandshake.java:128)
at org.openqa.selenium.remote.ProtocolHandshake.createSession(ProtocolHandshake.java:75)
at org.openqa.selenium.remote.HttpCommandExecutor.execute(HttpCommandExecutor.java:138)
at org.openqa.selenium.remote.service.DriverCommandExecutor.execute(DriverCommandExecutor.java:83)
at org.openqa.selenium.remote.RemoteWebDriver.execute(RemoteWebDriver.java:582)
at org.openqa.selenium.remote.RemoteWebDriver.startSession(RemoteWebDriver.java:216)
at org.openqa.selenium.remote.RemoteWebDriver.<init>(RemoteWebDriver.java:136)
at org.openqa.selenium.chromium.ChromiumDriver.<init>(ChromiumDriver.java:75)
at org.openqa.selenium.chrome.ChromeDriver.<init>(ChromeDriver.java:163)
at org.openqa.selenium.chrome.ChromeDriver.<init>(ChromeDriver.java:150)
at org.openqa.selenium.chrome.ChromeDriver.<init>(ChromeDriver.java:105)
at testbase.TestBase.browsers(TestBase.java:88)
at com.pilot.testcases.VerifyPilotNameEmail.verifyPiloNameEmail(VerifyPilotNameEmail.java:22)
at sun.reflect.NativeMethodAccessorImpl.invoke0(Native Method)
at sun.reflect.NativeMethodAccessorImpl.invoke(NativeMethodAccessorImpl.java:62)
at sun.reflect.DelegatingMethodAccessorImpl.invoke(DelegatingMethodAccessorImpl.java:43)
at java.lang.reflect.Method.invoke(Method.java:498)
at org.testng.internal.MethodInvocationHelper.invokeMethod(MethodInvocationHelper.java:133)
at org.testng.internal.TestInvoker.invokeMethod(TestInvoker.java:584)
at org.testng.internal.TestInvoker.invokeTestMethod(TestInvoker.java:172)
at org.testng.internal.MethodRunner.runInSequence(MethodRunner.java:46)
at org.testng.internal.TestInvoker$MethodInvocationAgent.invoke(TestInvoker.java:804)
at org.testng.internal.TestInvoker.invokeTestMethods(TestInvoker.java:145)
at org.testng.internal.TestMethodWorker.invokeTestMethods(TestMethodWorker.java:146)
at org.testng.internal.TestMethodWorker.run(TestMethodWorker.java:128)
at java.util.ArrayList.forEach(ArrayList.java:1257)
at org.testng.TestRunner.privateRun(TestRunner.java:770)
at org.testng.TestRunner.run(TestRunner.java:591)
at org.testng.SuiteRunner.runTest(SuiteRunner.java:402)
at org.testng.SuiteRunner.runSequentially(SuiteRunner.java:396)
at org.testng.SuiteRunner.privateRun(SuiteRunner.java:355)
at org.testng.SuiteRunner.run(SuiteRunner.java:304)
at org.testng.SuiteRunnerWorker.runSuite(SuiteRunnerWorker.java:53)
at org.testng.SuiteRunnerWorker.run(SuiteRunnerWorker.java:96)
at org.testng.TestNG.runSuitesSequentially(TestNG.java:1180)
at org.testng.TestNG.runSuitesLocally(TestNG.java:1102)
at org.testng.TestNG.runSuites(TestNG.java:1032)
at org.testng.TestNG.run(TestNG.java:1000)
at org.testng.remote.AbstractRemoteTestNG.run(AbstractRemoteTestNG.java:115)
at org.testng.remote.RemoteTestNG.initAndRun(RemoteTestNG.java:251)
at org.testng.remote.RemoteTestNG.main(RemoteTestNG.java:77)
]]>
    </failure>
  </testcase> <!-- verifyPiloNameEmail -->
</testsuite> <!-- Default test -->
